Lints for snakefile /home/bartek/Pycharm/my_projects/WGS_analysis/workflows/deepvariant/Snakefile:
    * Absolute path "/output/{sample}" in line 22:
      Do not define absolute paths inside of the workflow, since this renders
      your workflow irreproducible on other machines. Use path relative to the
      working directory instead, or make the path configurable via a config
      file.
      Also see:
      https://snakemake.readthedocs.io/en/latest/snakefiles/configuration.html#configuration
    * Absolute path "/input/$(basename {input.bam})" in line 38:
      Do not define absolute paths inside of the workflow, since this renders
      your workflow irreproducible on other machines. Use path relative to the
      working directory instead, or make the path configurable via a config
      file.
      Also see:
      https://snakemake.readthedocs.io/en/latest/snakefiles/configuration.html#configuration
    * Absolute path "/input/$(basename {input.ref})" in line 39:
      Do not define absolute paths inside of the workflow, since this renders
      your workflow irreproducible on other machines. Use path relative to the
      working directory instead, or make the path configurable via a config
      file.
      Also see:
      https://snakemake.readthedocs.io/en/latest/snakefiles/configuration.html#configuration

